<?xml version="1.0" encoding="UTF-8"?>
<testsuite name="SimpleBankSystemTest" tests="1" skipped="0" failures="0" errors="0" timestamp="2021-10-03T23:05:03" hostname="hadis-MBP" time="0.888">
  <properties/>
  <testcase name="start" classname="SimpleBankSystemTest" time="0.888"/>
  <system-out><![CDATA[?[1;31m
Start test 1?[0m

1. Create an account
2. Log into account
0. Exit

> 0

Bye!

?[1;31m
Start test 2?[0m

1. Create an account
2. Log into account
0. Exit

> 0

Bye!

?[1;31m
Start test 3?[0m

1. Create an account
2. Log into account
0. Exit

> 0

Bye!

?[1;31m
Start test 4?[0m

1. Create an account
2. Log into account
0. Exit

> 0

Bye!

?[1;31m
Start test 5?[0m

1. Create an account
2. Log into account
0. Exit

> 1
number 400000158214154

Your card has been created
Your card number:
4000001582141545
Your card PIN:
9948

1. Create an account
2. Log into account
0. Exit

> 1
number 400000143897782

Your card has been created
Your card number:
4000001438977829
Your card PIN:
2497

1. Create an account
2. Log into account
0. Exit

> 1
number 400000604337100

Your card has been created
Your card number:
4000006043371003
Your card PIN:
9519

1. Create an account
2. Log into account
0. Exit

> 1
number 400000947655217

Your card has been created
Your card number:
4000009476552172
Your card PIN:
9916

1. Create an account
2. Log into account
0. Exit

> 1
number 400000460036011

Your card has been created
Your card number:
4000004600360113
Your card PIN:
6496

1. Create an account
2. Log into account
0. Exit

> 0

Bye!

4000001582141545
4000001438977829
4000006043371003
4000009476552172
4000004600360113
?[1;31m
Start test 6?[0m

1. Create an account
2. Log into account
0. Exit

> 1
number 400000141963684

Your card has been created
Your card number:
4000001419636840
Your card PIN:
4092

1. Create an account
2. Log into account
0. Exit

> 2

Enter your card number:
> 4000001419636840
Enter your PIN:
> 4092

You have successfully logged in!

1. Balance
2. Add income
3. Do transfer
4. Close account
5. Log out
0. Exit

> 0

Bye!

?[1;31m
Start test 7?[0m

1. Create an account
2. Log into account
0. Exit

> 1
number 400000094822484

Your card has been created
Your card number:
4000000948224847
Your card PIN:
1861

1. Create an account
2. Log into account
0. Exit

> 2

Enter your card number:
> 4000000948224847
Enter your PIN:
> 4606

Wrong card number or PIN!

1. Create an account
2. Log into account
0. Exit

> 0

Bye!

?[1;31m
Start test 8?[0m

1. Create an account
2. Log into account
0. Exit

> 1
number 400000251210285

Your card has been created
Your card number:
4000002512102854
Your card PIN:
1853

1. Create an account
2. Log into account
0. Exit

> 2

Enter your card number:
> 400000145478026
Enter your PIN:
> 1853

Wrong card number or PIN!

1. Create an account
2. Log into account
0. Exit

> 0

Bye!

?[1;31m
Start test 9?[0m

1. Create an account
2. Log into account
0. Exit

> 1
number 400000041663946

Your card has been created
Your card number:
4000000416639468
Your card PIN:
4321

1. Create an account
2. Log into account
0. Exit

> 2

Enter your card number:
> 4000000416639468
Enter your PIN:
> 4321

You have successfully logged in!

1. Balance
2. Add income
3. Do transfer
4. Close account
5. Log out
0. Exit

> 1

Balance: 0

1. Balance
2. Add income
3. Do transfer
4. Close account
5. Log out
0. Exit

> 0

Bye!

?[1;31m
Start test 10?[0m

1. Create an account
2. Log into account
0. Exit

> 1
number 400000898982718

Your card has been created
Your card number:
4000008989827188
Your card PIN:
2390

1. Create an account
2. Log into account
0. Exit

> 2

Enter your card number:
> 4000008989827188
Enter your PIN:
> 2390

You have successfully logged in!

1. Balance
2. Add income
3. Do transfer
4. Close account
5. Log out
0. Exit

> 2

Enter income:
> 10000
Income was added!

1. Balance
2. Add income
3. Do transfer
4. Close account
5. Log out
0. Exit

> 0

Bye!


1. Create an account
2. Log into account
0. Exit

> 2

Enter your card number:
> 4000008989827188
Enter your PIN:
> 2390

You have successfully logged in!

1. Balance
2. Add income
3. Do transfer
4. Close account
5. Log out
0. Exit

> 2

Enter income:
> 15000
Income was added!

1. Balance
2. Add income
3. Do transfer
4. Close account
5. Log out
0. Exit

> 0

Bye!

?[1;31m
Start test 11?[0m

1. Create an account
2. Log into account
0. Exit

> 1
number 400000993700944

Your card has been created
Your card number:
4000009937009440
Your card PIN:
1494

1. Create an account
2. Log into account
0. Exit

> 1
number 400000406363787

Your card has been created
Your card number:
4000004063637874
Your card PIN:
8547

1. Create an account
2. Log into account
0. Exit

> 2

Enter your card number:
> 4000004063637874
Enter your PIN:
> 8547

You have successfully logged in!

1. Balance
2. Add income
3. Do transfer
4. Close account
5. Log out
0. Exit

> 3
Transfer
Enter card number:
> 2000007269641764
number 200000726964176
Probably you made a mistake in the card number. Please try again!

1. Balance
2. Add income
3. Do transfer
4. Close account
5. Log out
0. Exit

> 3
Transfer
Enter card number:
> 2000007269641768
number 200000726964176
Such a card does not exist.

1. Balance
2. Add income
3. Do transfer
4. Close account
5. Log out
0. Exit

> 3
Transfer
Enter card number:
> 4000009937009440
number 400000993700944
Enter how much money you want to transfer:
> 100000
Not enough money!

1. Balance
2. Add income
3. Do transfer
4. Close account
5. Log out
0. Exit

> 2

Enter income:
> 20000
Income was added!

1. Balance
2. Add income
3. Do transfer
4. Close account
5. Log out
0. Exit

> 3
Transfer
Enter card number:
> 4000009937009440
number 400000993700944
Enter how much money you want to transfer:
> 10000
Success!

1. Balance
2. Add income
3. Do transfer
4. Close account
5. Log out
0. Exit

> 0

Bye!

?[1;31m
Start test 12?[0m

1. Create an account
2. Log into account
0. Exit

> 1
number 400000826095250

Your card has been created
Your card number:
4000008260952507
Your card PIN:
6827

1. Create an account
2. Log into account
0. Exit

> 2

Enter your card number:
> 4000008260952507
Enter your PIN:
> 6827

You have successfully logged in!

1. Balance
2. Add income
3. Do transfer
4. Close account
5. Log out
0. Exit

> 4
The account has been closed!

1. Create an account
2. Log into account
0. Exit

> 0

Bye!

]]></system-out>
  <system-err><![CDATA[]]></system-err>
</testsuite>
